<?xml version="1.0" encoding="UTF-8"?>
<!-- Generated by org.testng.reporters.JUnitReportReporter -->
<testsuite hostname="BT1703071" failures="0" tests="3" name="testClasses.TestCarWash" time="36.966" errors="0" timestamp="2022-02-10T16:08:13 IST" skipped="0">
  <testcase classname="testClasses.TestCarWash" name="extractCarWashServices" time="25.862"/>
  <system-out/>
  <testcase classname="testClasses.TestCarWash" name="checkErrorMessage" time="5.354"/>
  <system-out/>
  <testcase classname="testClasses.TestCarWash" name="extractGymSubMenus" time="5.750"/>
  <system-out/>
</testsuite> <!-- testClasses.TestCarWash -->
